[1] "**************************************************************"
[1] "Matrice dtm : inspection"
[1] "**************************************************************"
<<DocumentTermMatrix (documents: 8, terms: 22)>>
Non-/sparse entries: 37/139
Sparsity           : 79%
Maximal term length: 10
Weighting          : term frequency (tf)

    Terms
Docs apprennent avec bâche bâchez conduit dans est êtes fait fakir learning les
   1          0    1     0      1       0    0   0    0    0     1        0   1
   2          0    0     0      0       0    0   0    0    0     0        0   0
   3          0    0     0      0       0    1   1    0    0     1        0   0
   4          0    0     1      0       0    0   0    0    1     0        0   0
   5          0    0     0      0       0    1   1    0    0     1        0   0
   6          0    0     0      0       1    0   1    0    0     1        0   0
   7          0    1     0      0       0    0   0    1    0     0        0   0
   8          1    0     0      0       0    0   0    0    0     0        1   0
    Terms
Docs machine matrice par pyjamas queue sous taxi vous wagon wagon-taxi
   1       0       0   0       1     1    0    0    0     0          1
   2       0       1   0       0     0    0    0    0     0          1
   3       0       1   0       0     0    0    0    0     0          0
   4       0       0   0       1     0    1    1    0     0          0
   5       0       0   0       0     0    0    0    0     1          0
   6       0       1   1       0     0    0    0    0     0          0
   7       0       1   0       1     0    0    0    1     0          0
   8       1       0   0       1     0    0    0    0     0          1
[1] "**************************************************************"
[1] "Distance Matrix"
[1] "**************************************************************"
           apprennent     avec    bâche   bâchez  conduit     dans      est
avec         1.732051                                                      
bâche        1.414214 1.732051                                             
bâchez       1.414214 1.000000 1.414214                                    
conduit      1.414214 1.732051 1.414214 1.414214                           
dans         1.732051 2.000000 1.732051 1.732051 1.732051                  
est          2.000000 2.236068 2.000000 2.000000 1.414214 1.000000         
êtes         1.414214 1.000000 1.414214 1.414214 1.414214 1.732051 2.000000
fait         1.414214 1.732051 0.000000 1.414214 1.414214 1.732051 2.000000
fakir        2.236068 2.000000 2.236068 1.732051 1.732051 1.414214 1.000000
learning     0.000000 1.732051 1.414214 1.414214 1.414214 1.732051 2.000000
les          1.414214 1.000000 1.414214 0.000000 1.414214 1.732051 2.000000
machine      0.000000 1.732051 1.414214 1.414214 1.414214 1.732051 2.000000
matrice      2.236068 2.000000 2.236068 2.236068 1.732051 2.000000 1.732051
par          1.414214 1.732051 1.414214 1.414214 0.000000 1.732051 1.414214
pyjamas      1.732051 1.414214 1.732051 1.732051 2.236068 2.449490 2.645751
queue        1.414214 1.000000 1.414214 0.000000 1.414214 1.732051 2.000000
sous         1.414214 1.732051 0.000000 1.414214 1.414214 1.732051 2.000000
taxi         1.414214 1.732051 0.000000 1.414214 1.414214 1.732051 2.000000
vous         1.414214 1.000000 1.414214 1.414214 1.414214 1.732051 2.000000
wagon        1.414214 1.732051 1.414214 1.414214 1.414214 1.000000 1.414214
wagon-taxi   1.414214 1.732051 2.000000 1.414214 2.000000 2.236068 2.449490
               êtes     fait    fakir learning      les  machine  matrice
avec                                                                     
bâche                                                                    
bâchez                                                                   
conduit                                                                  
dans                                                                     
est                                                                      
êtes                                                                     
fait       1.414214                                                      
fakir      2.236068 2.236068                                             
learning   1.414214 1.414214 2.236068                                    
les        1.414214 1.414214 1.732051 1.414214                           
machine    1.414214 1.414214 2.236068 0.000000 1.414214                  
matrice    1.732051 2.236068 2.000000 2.236068 2.236068 2.236068         
par        1.414214 1.414214 1.732051 1.414214 1.414214 1.414214 1.732051
pyjamas    1.732051 1.732051 2.449490 1.732051 1.732051 1.732051 2.449490
queue      1.414214 1.414214 1.732051 1.414214 0.000000 1.414214 2.236068
sous       1.414214 0.000000 2.236068 1.414214 1.414214 1.414214 2.236068
taxi       1.414214 0.000000 2.236068 1.414214 1.414214 1.414214 2.236068
vous       0.000000 1.414214 2.236068 1.414214 1.414214 1.414214 1.732051
wagon      1.414214 1.414214 1.732051 1.414214 1.414214 1.414214 2.236068
wagon-taxi 2.000000 2.000000 2.236068 1.414214 1.414214 1.414214 2.236068
                par  pyjamas    queue     sous     taxi     vous    wagon
avec                                                                     
bâche                                                                    
bâchez                                                                   
conduit                                                                  
dans                                                                     
est                                                                      
êtes                                                                     
fait                                                                     
fakir                                                                    
learning                                                                 
les                                                                      
machine                                                                  
matrice                                                                  
par                                                                      
pyjamas    2.236068                                                      
queue      1.414214 1.732051                                             
sous       1.414214 1.732051 1.414214                                    
taxi       1.414214 1.732051 1.414214 0.000000                           
vous       1.414214 1.732051 1.414214 1.414214 1.414214                  
wagon      1.414214 2.236068 1.414214 1.414214 1.414214 1.414214         
wagon-taxi 2.000000 1.732051 1.414214 2.000000 2.000000 2.000000 2.000000
[1] "**************************************************************"
[1] "Résultats de kmeans (fonction k-moyen)"
[1] "**************************************************************"
K-means clustering with 2 clusters of sizes 4, 18

Cluster means:
  apprennent     avec    bâche   bâchez  conduit     dans       est     êtes
1   2.051047 2.059017 2.051047 1.925042 1.652591 1.103553 0.9330127 1.925042
2   1.213827 1.414821 1.167803 1.173157 1.352939 1.774126 1.9763305 1.284268
      fait    fakir learning      les  machine  matrice      par  pyjamas
1 2.051047 1.103553 2.051047 1.925042 2.051047 1.433013 1.652591 2.498555
2 1.167803 2.066804 1.213827 1.173157 1.213827 2.122806 1.352939 1.702171
     queue     sous     taxi     vous    wagon wagon-taxi
1 1.925042 2.051047 2.051047 1.925042 1.595583   2.289423
2 1.173157 1.167803 1.167803 1.284268 1.431506   1.663855

Clustering vector:
apprennent       avec      bâche     bâchez    conduit       dans        est 
         2          2          2          2          2          1          1 
      êtes       fait      fakir   learning        les    machine    matrice 
         2          2          1          2          2          2          1 
       par    pyjamas      queue       sous       taxi       vous      wagon 
         2          2          2          2          2          2          2 
wagon-taxi 
         2 

Within cluster sum of squares by cluster:
[1]  11.72809 100.78828
 (between_SS / total_SS =  26.4 %)

Available components:

[1] "cluster"      "centers"      "totss"        "withinss"     "tot.withinss"
[6] "betweenss"    "size"         "iter"         "ifault"      
[1] "**************************************************************"
[1] "Calcul du nombre optimal de clusters"
[1] "**************************************************************"
Clustering Gap statistic ["clusGap"] from call:
cluster::clusGap(x = x, FUNcluster = fun_clust, K.max = k.max,     B = nboot, verbose = verbose)
B=100 simulated reference sets, k = 1..10; spaceH0="scaledPCA"
 --> Number of clusters (method 'firstSEmax', SE.factor=1): 1
            logW   E.logW          gap     SE.sim
 [1,]  2.1072828 2.155500  0.048217096 0.04592692
 [2,]  1.9261568 1.971007  0.044849718 0.04770533
 [3,]  1.8500065 1.843938 -0.006068563 0.04851385
 [4,]  1.5640108 1.730206  0.166195525 0.05063940
 [5,]  1.5299518 1.625054  0.095102662 0.05152841
 [6,]  1.3693701 1.520866  0.151496149 0.05521014
 [7,]  1.1055569 1.419794  0.314237089 0.06091905
 [8,]  1.1049154 1.313569  0.208653436 0.06529153
 [9,]  0.3101748 1.203819  0.893644557 0.06497761
[10,] -0.1823216 1.094646  1.276967335 0.06898080
